{'backbone': 'cait_xs24_384', 'batch_size': 64, 'bn_eps': None, 'bn_momentum': None, 'checkpoints_root': 'Checkpoints/timm_explore_few_epochs/', 'clip_grad': None, 'clip_mode': 'norm', 'comet_api_key': 'KKiKMVZI9RCYowoKDZDS5Y2km', 'comet_workspace': 'rsukthanker', 'cooldown_epochs': 10, 'dataset': 'CelebA', 'decay_epochs': 30.0, 'decay_rate': 0.1, 'default_test_root': '/work/dlclarge2/sukthank-ZCP_Competition/FairNAS/FR-NAS/data/CelebA/Img/img_align_celeba_splits/test/', 'default_train_root': '/work/dlclarge2/sukthank-ZCP_Competition/FairNAS/FR-NAS/data/CelebA/Img/img_align_celeba_splits/train/', 'demographics_file': 'CelebA/CelebA_demographics.txt', 'dist_bn': 'reduce', 'drop': 0.0, 'drop_block': None, 'drop_connect': None, 'drop_path': 0.1, 'epoch_repeats': 0.0, 'epochs': 100, 'file_name': 'timm_from-scratch.csv', 'file_name_ema': 'timm_from-scratch_ema.csv', 'gp': None, 'groups_to_modify': ['male', 'female'], 'head': 'ArcFace', 'input_size': 384, 'layer_decay': None, 'lr': 0.0005, 'lr_cycle_decay': 0.5, 'lr_cycle_limit': 1, 'lr_cycle_mul': 1.0, 'lr_k_decay': 1.0, 'lr_noise': None, 'lr_noise_pct': 0.67, 'lr_noise_std': 1.0, 'mean': [0.5, 0.5, 0.5], 'metadata_file': 'timm_model_metadata.csv', 'min_lr': 1e-05, 'min_num_images': 3, 'model_ema': True, 'model_ema_decay': 0.99996, 'model_ema_force_cpu': False, 'momentum': 0.9, 'name': 'CelebA', 'num_workers': 4, 'opt': 'AdamW', 'opt_betas': None, 'opt_eps': 1e-08, 'out_dir': '.', 'p_identities': [1.0, 1.0], 'p_images': [1.0, 1.0], 'patience_epochs': 10, 'pretrained': False, 'project_name': 'from-scratch_no-resampling_adam', 'save_freq': 1, 'sched': 'cosine', 'seed': 222, 'split_bn': False, 'start_epoch': None, 'std': [0.5, 0.5, 0.5], 'sync_bn': False, 'torchscript': False, 'train_loss': 'Focal', 'user_config': 'config_user.yaml', 'warmup_epochs': 5, 'warmup_lr': 1e-06, 'weight_decay': 0.05}
P identities: {'male': 1.0, 'female': 1.0}
P images: {'male': 1.0, 'female': 1.0}
COMET INFO: Experiment is live on comet.ml https://www.comet.ml/rsukthanker/from-scratch-no-resampling-adam/c5b78838c79a41309cafd86dfc2e4592

PREPARING TRAIN DATASET
Overall # of images for male available is 67562
# images selected for male is 67562
Overall # of images for female available is 76524
# images selected for female is 67562
Number of idx for male is 3529
Number of idx for female is 3529
PREPARING TEST DATASET
Overall # of images for male available is 7644
# images selected for male is 7636
Overall # of images for female available is 8851
# images selected for female is 7636
Number of idx for male is 406
Number of idx for female is 406
Len of train dataloader is 2111
Len of test dataloader is 239
Checkpoint_Head_ArcFace_Backbone_cait_xs24_384_Dataset_CelebA_p_idx{'male': 1.0, 'female': 1.0}_p_img{'male': 1.0, 'female': 1.0}_Epoch_
Found checkpoints for this model: ["Checkpoint_Head_ArcFace_Backbone_cait_xs24_384_Dataset_CelebA_p_idx{'male': 1.0, 'female': 1.0}_p_img{'male': 1.0, 'female': 1.0}_Epoch_1.pth", "Checkpoint_Head_ArcFace_Backbone_cait_xs24_384_Dataset_CelebA_p_idx{'male': 1.0, 'female': 1.0}_p_img{'male': 1.0, 'female': 1.0}_Epoch_2.pth"]
Loading Checkpoint 'Checkpoints/timm_explore_few_epochs/cait_xs24_384_ArcFace/Checkpoint_Head_ArcFace_Backbone_cait_xs24_384_Dataset_CelebA_p_idx{'male': 1.0, 'female': 1.0}_p_img{'male': 1.0, 'female': 1.0}_Epoch_2.pth'
Start training
  0%|          | 0/2111 [00:00<?, ?it/s]slurmstepd-mlgpu04: error: *** JOB 13101873 ON mlgpu04 CANCELLED AT 2022-04-27T07:50:21 ***
